app/build/outputs/logs/manifest-merger-debug-report.txt
-- Merging decision tree log ---
manifest
ADDED from AndroidManifest.xml:2:1
	package
		ADDED from AndroidManifest.xml:3:5
		INJECTED from AndroidManifest.xml:0:0
		INJECTED from AndroidManifest.xml:0:0
	android:versionName
		INJECTED from AndroidManifest.xml:0:0
		INJECTED from AndroidManifest.xml:0:0
	xmlns:android
		ADDED from AndroidManifest.xml:2:11
	android:versionCode
		INJECTED from AndroidManifest.xml:0:0
		INJECTED from AndroidManifest.xml:0:0
uses-permission#android.permission.INTERNET
ADDED from AndroidManifest.xml:5:5
	android:name
		ADDED from AndroidManifest.xml:5:22
application
ADDED from AndroidManifest.xml:7:5
MERGED from com.android.support:appcompat-v7:23.3.0:25:5
MERGED from com.android.support:support-vector-drawable:23.3.0:7:5
MERGED from com.android.support:support-v4:24.0.0-alpha2:22:5
MERGED from com.android.support:animated-vector-drawable:23.3.0:7:5
MERGED from com.android.support:support-vector-drawable:23.3.0:7:5
MERGED from com.android.support:support-v4:24.0.0-alpha2:22:5
MERGED from com.android.support:support-v4:24.0.0-alpha2:22:5
MERGED from com.android.support:support-v4:24.0.0-alpha2:22:5
MERGED from com.android.support:support-v4:24.0.0-alpha2:22:5
	android:label
		ADDED from AndroidManifest.xml:11:9
	android:allowBackup
		ADDED from AndroidManifest.xml:8:9
	android:icon
		ADDED from AndroidManifest.xml:9:9
	android:theme
		ADDED from AndroidManifest.xml:12:9
	android:name
		ADDED from AndroidManifest.xml:10:9
meta-data#DATABASE
ADDED from AndroidManifest.xml:14:9
	android:value
		ADDED from AndroidManifest.xml:14:44
	android:name
		ADDED from AndroidManifest.xml:14:20
meta-data#VERSION
ADDED from AndroidManifest.xml:15:9
	android:value
		ADDED from AndroidManifest.xml:15:43
	android:name
		ADDED from AndroidManifest.xml:15:20
meta-data#QUERY_LOG
ADDED from AndroidManifest.xml:16:9
	android:value
		ADDED from AndroidManifest.xml:16:45
	android:name
		ADDED from AndroidManifest.xml:16:20
meta-data#DOMAIN_PACKAGE_NAME
ADDED from AndroidManifest.xml:17:9
	android:value
		ADDED from AndroidManifest.xml:17:55
	android:name
		ADDED from AndroidManifest.xml:17:20
activity#test.freelancer.com.fltest.MainActivity
ADDED from AndroidManifest.xml:19:9
	android:label
		ADDED from AndroidManifest.xml:21:13
	android:name
		ADDED from AndroidManifest.xml:20:13
intent-filter#android.intent.action.MAIN+android.intent.category.LAUNCHER
ADDED from AndroidManifest.xml:22:13
action#android.intent.action.MAIN
ADDED from AndroidManifest.xml:23:17
	android:name
		ADDED from AndroidManifest.xml:23:25
category#android.intent.category.LAUNCHER
ADDED from AndroidManifest.xml:25:17
	android:name
		ADDED from AndroidManifest.xml:25:27
uses-sdk
INJECTED from AndroidManifest.xml:0:0 reason: use-sdk injection requested
MERGED from com.android.support:appcompat-v7:23.3.0:21:5
MERGED from com.android.support:support-vector-drawable:23.3.0:5:5
MERGED from com.android.support:support-v4:24.0.0-alpha2:20:5
MERGED from com.android.support:animated-vector-drawable:23.3.0:5:5
MERGED from com.android.support:support-vector-drawable:23.3.0:5:5
MERGED from com.android.support:support-v4:24.0.0-alpha2:20:5
MERGED from com.android.support:support-v4:24.0.0-alpha2:20:5
MERGED from com.android.support:recyclerview-v7:24.0.0-alpha2:20:5
MERGED from com.android.support:support-v4:24.0.0-alpha2:20:5
MERGED from com.github.satyan:sugar:1.4:7:5
MERGED from com.android.support:support-v4:24.0.0-alpha2:20:5
	tools:overrideLibrary
		ADDED from com.android.support:appcompat-v7:23.3.0:23:9
	android:targetSdkVersion
		INJECTED from AndroidManifest.xml:0:0
		INJECTED from AndroidManifest.xml:0:0
	android:minSdkVersion
		INJECTED from AndroidManifest.xml:0:0
		INJECTED from AndroidManifest.xml:0:0